[2019-09-25 13:05:04][1] Processing: App\Mail\VerifyRegistration
[2019-09-25 13:05:04][1] Failed:     App\Mail\VerifyRegistration
[2019-09-25 13:05:04][2] Processing: App\Mail\VerifyRegistration
[2019-09-25 13:05:04][3] Processing: App\Mail\VerifyRegistration
[2019-09-26 06:01:58][403] Processing: App\Mail\ResetPassword
[2019-09-26 06:02:00][403] Processed:  App\Mail\ResetPassword
[2019-09-26 06:02:00][405] Processing: App\Mail\VerifyRegistration
[2019-09-26 06:02:00][405] Processed:  App\Mail\VerifyRegistration
[2019-09-26 06:02:00][406] Processing: App\Mail\VerifyRegistration
[2019-09-26 06:02:00][406] Processed:  App\Mail\VerifyRegistration
[2019-09-27 05:59:52][407] Processing: App\Mail\VerifyRegistration
[2019-09-27 05:59:52][407] Processed:  App\Mail\VerifyRegistration
[2019-09-27 11:01:59][408] Processing: App\Mail\VerifyRegistration
[2019-09-27 11:02:00][408] Processed:  App\Mail\VerifyRegistration
[2019-09-27 17:15:27][409] Processing: App\Mail\VerifyRegistration
[2019-09-27 17:15:28][409] Processed:  App\Mail\VerifyRegistration
[2019-09-29 14:40:31][410] Processing: App\Mail\VerifyRegistration
[2019-09-29 14:40:33][410] Processed:  App\Mail\VerifyRegistration
[2019-09-29 19:57:46][411] Processing: App\Mail\VerifyRegistration
[2019-09-29 19:57:47][411] Processed:  App\Mail\VerifyRegistration
[2019-09-30 06:46:07][412] Processing: App\Mail\VerifyRegistration
[2019-09-30 06:46:08][412] Processed:  App\Mail\VerifyRegistration
[2019-10-01 05:50:50][413] Processing: App\Mail\VerifyRegistration
[2019-10-01 05:50:50][413] Processed:  App\Mail\VerifyRegistration
[2019-10-01 05:58:27][414] Processing: App\Mail\ResetPassword
[2019-10-01 05:58:27][414] Processed:  App\Mail\ResetPassword
[2019-10-09 14:06:40][415] Processing: App\Mail\VerifyRegistration
[2019-10-09 14:06:40][415] Processed:  App\Mail\VerifyRegistration
[2019-10-09 14:27:41][416] Processing: App\Mail\VerifyRegistration
[2019-10-09 14:27:41][416] Processed:  App\Mail\VerifyRegistration
[2019-10-09 14:30:59][417] Processing: App\Mail\VerifyRegistration
[2019-10-09 14:31:00][417] Processed:  App\Mail\VerifyRegistration
[2019-10-09 15:10:28][418] Processing: App\Mail\VerifyRegistration
[2019-10-09 15:10:29][418] Processed:  App\Mail\VerifyRegistration
[2019-10-09 18:38:20][419] Processing: App\Mail\VerifyRegistration
[2019-10-09 18:38:21][419] Processed:  App\Mail\VerifyRegistration
[2019-10-10 05:31:36][420] Processing: App\Mail\VerifyRegistration
[2019-10-10 05:31:36][420] Processed:  App\Mail\VerifyRegistration
[2019-10-10 06:09:37][421] Processing: App\Mail\VerifyRegistration
[2019-10-10 06:09:37][421] Processed:  App\Mail\VerifyRegistration
[2019-10-10 06:34:29][422] Processing: App\Mail\VerifyRegistration
[2019-10-10 06:34:29][422] Processed:  App\Mail\VerifyRegistration
[2019-10-11 07:11:11][423] Processing: App\Mail\VerifyRegistration
[2019-10-11 07:11:11][423] Processed:  App\Mail\VerifyRegistration
[2019-10-11 07:20:47][424] Processing: App\Mail\VerifyRegistration
[2019-10-11 07:20:48][424] Processed:  App\Mail\VerifyRegistration
[2019-10-11 10:58:40][425] Processing: App\Mail\VerifyRegistration
[2019-10-11 10:58:40][425] Processed:  App\Mail\VerifyRegistration
[2019-10-11 12:51:59][426] Processing: App\Mail\VerifyRegistration
[2019-10-11 12:51:59][426] Processed:  App\Mail\VerifyRegistration
[2019-10-11 13:04:35][427] Processing: App\Mail\VerifyRegistration
[2019-10-11 13:04:35][427] Processed:  App\Mail\VerifyRegistration
[2019-10-11 13:46:25][428] Processing: App\Mail\VerifyRegistration
[2019-10-11 13:46:25][428] Processed:  App\Mail\VerifyRegistration
[2019-10-11 13:47:01][429] Processing: App\Mail\PasswordChanged
[2019-10-11 13:47:01][429] Processed:  App\Mail\PasswordChanged
[2019-10-11 13:47:04][430] Processing: App\Mail\PasswordChanged
[2019-10-11 13:47:04][430] Processed:  App\Mail\PasswordChanged
[2019-10-11 13:47:58][431] Processing: App\Mail\PasswordChanged
[2019-10-11 13:47:59][431] Processed:  App\Mail\PasswordChanged
[2019-10-11 15:47:00][432] Processing: App\Mail\VerifyRegistration
[2019-10-11 15:47:00][432] Processed:  App\Mail\VerifyRegistration
[2019-10-12 06:46:05][433] Processing: App\Mail\VerifyRegistration
[2019-10-12 06:46:05][433] Processed:  App\Mail\VerifyRegistration
[2019-10-13 07:33:10][434] Processing: App\Mail\VerifyRegistration
[2019-10-13 07:33:10][434] Processed:  App\Mail\VerifyRegistration
[2019-10-13 07:41:37][435] Processing: App\Mail\ResetPassword
[2019-10-13 07:41:38][435] Processed:  App\Mail\ResetPassword
[2019-10-13 08:39:03][436] Processing: App\Mail\VerifyRegistration
[2019-10-13 08:39:04][436] Processed:  App\Mail\VerifyRegistration
[2019-10-14 06:13:30][437] Processing: App\Mail\VerifyRegistration
[2019-10-14 06:13:30][437] Processed:  App\Mail\VerifyRegistration
[2019-10-14 13:05:11][438] Processing: App\Mail\VerifyRegistration
[2019-10-14 13:05:11][438] Processed:  App\Mail\VerifyRegistration
[2019-10-15 10:57:17][439] Processing: App\Mail\VerifyRegistration
[2019-10-15 10:57:18][439] Processed:  App\Mail\VerifyRegistration
[2019-10-15 11:58:41][440] Processing: App\Mail\VerifyRegistration
[2019-10-15 11:58:41][440] Processed:  App\Mail\VerifyRegistration
[2019-10-16 05:55:52][441] Processing: App\Mail\VerifyRegistration
[2019-10-16 05:55:52][441] Processed:  App\Mail\VerifyRegistration
[2019-10-16 12:41:14][442] Processing: App\Mail\VerifyRegistration
[2019-10-16 12:41:15][442] Processed:  App\Mail\VerifyRegistration
[2019-10-16 18:59:21][443] Processing: App\Mail\VerifyRegistration
[2019-10-16 18:59:21][443] Processed:  App\Mail\VerifyRegistration
[2019-10-17 03:56:29][444] Processing: App\Mail\VerifyRegistration
[2019-10-17 03:56:30][444] Processed:  App\Mail\VerifyRegistration
[2019-10-17 18:46:14][445] Processing: App\Mail\VerifyRegistration
[2019-10-17 18:46:15][445] Processed:  App\Mail\VerifyRegistration
[2019-10-17 22:03:28][446] Processing: App\Mail\VerifyRegistration
[2019-10-17 22:03:29][446] Processed:  App\Mail\VerifyRegistration
[2019-10-18 17:51:52][447] Processing: App\Mail\VerifyRegistration
[2019-10-18 17:51:53][447] Processed:  App\Mail\VerifyRegistration
[2019-10-18 22:39:26][448] Processing: App\Mail\VerifyRegistration
[2019-10-18 22:39:26][448] Processed:  App\Mail\VerifyRegistration
[2019-10-19 11:30:45][449] Processing: App\Mail\VerifyRegistration
[2019-10-19 11:30:45][449] Processed:  App\Mail\VerifyRegistration
[2019-10-20 05:44:08][450] Processing: App\Mail\VerifyRegistration
[2019-10-20 05:44:09][450] Processed:  App\Mail\VerifyRegistration
[2019-10-20 06:17:52][451] Processing: App\Mail\PasswordChanged
[2019-10-20 06:17:52][451] Processed:  App\Mail\PasswordChanged
[2019-10-20 09:23:31][452] Processing: App\Mail\ResetPassword
[2019-10-20 09:23:31][452] Processed:  App\Mail\ResetPassword
[2019-10-23 10:59:21][453] Processing: App\Mail\VerifyRegistration
[2019-10-23 10:59:21][453] Processed:  App\Mail\VerifyRegistration
[2019-10-24 07:07:33][454] Processing: App\Mail\VerifyRegistration
[2019-10-24 07:07:33][454] Processed:  App\Mail\VerifyRegistration
[2019-10-24 07:12:24][455] Processing: App\Mail\VerifyRegistration
[2019-10-24 07:12:24][455] Processed:  App\Mail\VerifyRegistration
[2019-10-25 00:31:48][456] Processing: App\Mail\VerifyRegistration
[2019-10-25 00:31:49][456] Processed:  App\Mail\VerifyRegistration
[2019-10-25 11:40:55][457] Processing: App\Mail\VerifyRegistration
[2019-10-25 11:40:55][457] Processed:  App\Mail\VerifyRegistration
[2019-10-25 18:53:45][458] Processing: App\Mail\VerifyRegistration
[2019-10-25 18:53:45][458] Processed:  App\Mail\VerifyRegistration
[2019-10-26 12:47:23][459] Processing: App\Mail\VerifyRegistration
[2019-10-26 12:47:24][459] Processed:  App\Mail\VerifyRegistration
[2019-10-26 18:23:34][460] Processing: App\Mail\VerifyRegistration
[2019-10-26 18:23:34][460] Processed:  App\Mail\VerifyRegistration
[2019-10-26 22:03:38][461] Processing: App\Mail\VerifyRegistration
[2019-10-26 22:03:39][461] Processed:  App\Mail\VerifyRegistration
[2019-10-28 07:37:25][462] Processing: App\Mail\VerifyRegistration
[2019-10-28 07:37:25][462] Processed:  App\Mail\VerifyRegistration
[2019-10-28 13:34:04][463] Processing: App\Mail\VerifyRegistration
[2019-10-28 13:34:04][463] Processed:  App\Mail\VerifyRegistration
[2019-10-30 06:25:40][464] Processing: App\Mail\PasswordChanged
[2019-10-30 06:25:42][464] Processed:  App\Mail\PasswordChanged
[2019-10-30 06:26:30][465] Processing: App\Mail\PasswordChanged
[2019-10-30 06:26:30][465] Processed:  App\Mail\PasswordChanged
[2019-10-30 20:50:33][466] Processing: App\Mail\VerifyRegistration
[2019-10-30 20:50:34][466] Processed:  App\Mail\VerifyRegistration
[2019-10-30 23:14:08][467] Processing: App\Mail\VerifyRegistration
[2019-10-30 23:14:09][467] Processed:  App\Mail\VerifyRegistration
[2019-10-31 09:38:11][468] Processing: App\Mail\VerifyRegistration
[2019-10-31 09:38:12][468] Processed:  App\Mail\VerifyRegistration
[2019-10-31 10:13:40][469] Processing: App\Mail\ResetPassword
[2019-10-31 10:13:40][469] Processed:  App\Mail\ResetPassword
[2019-10-31 10:20:19][470] Processing: App\Mail\ResetPassword
[2019-10-31 10:20:20][470] Processed:  App\Mail\ResetPassword
[2019-10-31 10:23:59][471] Processing: App\Mail\ResetPassword
[2019-10-31 10:23:59][471] Processed:  App\Mail\ResetPassword
[2019-10-31 10:27:59][472] Processing: App\Mail\VerifyRegistration
[2019-10-31 10:27:59][472] Processed:  App\Mail\VerifyRegistration
[2019-10-31 13:19:59][473] Processing: App\Mail\VerifyRegistration
[2019-10-31 13:19:59][473] Processed:  App\Mail\VerifyRegistration
[2019-10-31 18:50:31][474] Processing: App\Mail\VerifyRegistration
[2019-10-31 18:50:31][474] Processed:  App\Mail\VerifyRegistration
[2019-11-04 19:07:50][475] Processing: App\Mail\VerifyRegistration
[2019-11-04 19:07:50][475] Processed:  App\Mail\VerifyRegistration
[2019-11-07 11:05:10][476] Processing: App\Mail\VerifyRegistration
[2019-11-07 11:05:11][476] Processed:  App\Mail\VerifyRegistration
[2019-11-15 07:36:08][477] Processing: App\Mail\VerifyRegistration
[2019-11-15 07:36:09][477] Processed:  App\Mail\VerifyRegistration
[2019-11-15 17:06:21][478] Processing: App\Mail\VerifyRegistration
[2019-11-15 17:06:22][478] Processed:  App\Mail\VerifyRegistration
[2019-11-17 09:58:37][479] Processing: App\Mail\VerifyRegistration
[2019-11-17 09:58:38][479] Processed:  App\Mail\VerifyRegistration
[2019-11-18 09:09:59][480] Processing: App\Mail\ResetPassword
[2019-11-18 09:10:00][480] Processed:  App\Mail\ResetPassword
[2019-11-26 12:30:15][1] Processing: App\Mail\VerifyRegistration
[2019-11-26 12:30:17][1] Processed:  App\Mail\VerifyRegistration
[2019-11-26 12:30:17][2] Processing: App\Mail\VerifyRegistration
[2019-11-26 12:30:17][2] Processed:  App\Mail\VerifyRegistration
[2019-11-26 12:30:17][3] Processing: App\Mail\VerifyRegistration
[2019-11-26 12:30:17][3] Processed:  App\Mail\VerifyRegistration
[2019-11-26 12:30:17][4] Processing: App\Mail\VerifyRegistration
[2019-11-26 12:30:17][4] Processed:  App\Mail\VerifyRegistration
[2019-11-26 12:30:17][5] Processing: App\Mail\VerifyRegistration
[2019-11-26 12:30:17][5] Processed:  App\Mail\VerifyRegistration
[2019-11-26 12:30:17][6] Processing: App\Mail\VerifyRegistration
[2019-11-26 12:30:18][6] Processed:  App\Mail\VerifyRegistration
[2019-11-26 12:30:18][7] Processing: App\Mail\VerifyRegistration
[2019-11-26 12:30:18][7] Processed:  App\Mail\VerifyRegistration
[2019-11-26 12:30:18][8] Processing: App\Mail\VerifyRegistration
[2019-11-26 12:30:18][8] Processed:  App\Mail\VerifyRegistration
[2019-11-26 12:30:18][9] Processing: App\Mail\VerifyRegistration
[2019-11-26 12:30:18][9] Processed:  App\Mail\VerifyRegistration
[2019-11-26 12:30:18][10] Processing: App\Mail\VerifyRegistration
[2019-11-26 12:30:19][10] Processed:  App\Mail\VerifyRegistration
[2019-11-26 12:30:19][11] Processing: App\Mail\VerifyRegistration
[2019-11-26 12:30:19][11] Processed:  App\Mail\VerifyRegistration
[2019-11-26 12:30:19][12] Processing: App\Mail\VerifyRegistration
[2019-11-26 12:30:19][12] Processed:  App\Mail\VerifyRegistration
